150011660
150023994
150027300
150027485
150027877
150052880
150133468
150090636
150166475
150018616
150130765
150021750
150024209
150024986
150025003
150025138
150037581
150037989
150039082
150039355
150287598
150296975
150324300
150327467
150033125
150033294
150358622
150036840
150467223
150486728
150614612
150096082
150096208
150043152
150722936
150051296
150392357
150068809
150069045
150128970
150135248
150135878
150137614
150096844
150098420
151046432
150106954
150107184
150113244
150116066
150120089
150125807
150126764
150000629
150140899
150140930
150142334
150029986
150008219
150003219
150031884
150032036
150007807
150052169
150007926
150072816
150204633
150205590
150062481
150008087
150003394
150221289
150099707
150226518
150227271
150229932
150119907
150008372
150261564
150143611
150308285
150008639
150008764
150236244
150250880
150378846
130910474
150406362
150406378
150009029
150413856
150009198
150449776
150009295
150457127
150495315
150000293
150521653
150000356
150421699
150558076
150570569
150574759
140240954
150474080
150000691
150474789
150000726
150000748
150485491
140471416
150000817
150520291
150521108
150685613
150565491
150566552
150713173
150575133
150741027
150001473
150629661
150030858
150001699
150003623
150033006
150009756
150037092
150037105
150038103
150859783
150038636
150040114
150040136
150040233
150042085
150042267
150003720
150010311
150950024
150951737
150043663
150043942
150010452
150010480
150894767
150973703
150044837
150984631
150045697
150046491
150046855
150011074
150048293
150048384
150048475
150049279
150011444
150050088
151052213
150050696
150052062
150052476
150053872
150055072
150055793
150012226
150012339
150057608
150058690
150059933
150061198
150061734
150012975
150013070
150062544
150013462
150005209
150013757
150013860
150013898
150005447
150064346
150014385
150066007
150066853
150068655
150069095
150069948
150070484
150070490
150072173
150072468
150073400
150100843
150102269
111008842
120883392
150002164
150002675
150002813
150006194
150006627
150016369
150016585
150017066
150017414
150017737
150017884
150018036
150018058
150018092
150018127
150018406
150018553
150019084
150020558
150020984
150021067
150021471
150021675
150021700
150021879
150022877
150023035
150023615
150024481
150024594
150025069
150025213
150025699
150026073
150026261
150026318
150026465
150026910
150026976
150027043
150027178
150027322
150027463
150027532
150027689
150027952
150028079
150028461
150028524
150028825
150029168
150029293
150029362
150029663
150030143
150030369
150030397
150030579
150030585
150030632
150030660
150030717
150030955
150031113
150031862
150032199
150032246
150032296
150032967
150033432
150033589
150033824
150034424
150034515
150034656
150035206
150035278
150035472
150035660
150035745
150036561
150036884
150036947
150037058
150037218
150037456
150037688
150037735
150039117
150039606
150041554
150042110
150042201
150042596
150043334
150043572
150043613
150043629
150043760
150044122
150044332
150044871
150046184
150046758
150048215
150048657
150049354
150049912
150050420
150051393
150052200
150052733
150052824
150052830
150052846
150052852
150053082
150053242
150055179
150055373
150055953
150056177
150056519
150057175
150057880
150058515
150058775
150058941
150060407
150061643
150061712
150062334
150062516
150063360
150064813
150065758
150065827
150065861
150068116
150068150
150068489
150069051
150069863
150071818
150071921
150072242
150072311
150072935
150075111
150075296
150076545
150077292
150077496
150077509
150077963
150078773
150079248
150079458
150079903
150080455
150080825
150080869
150081237
150081378
150081453
150083932
150084059
150084162
150084491
150085546
150086265
150086500
150086704
150086914
150087326
150090476
150090498
150091220
150092858
150093072
150093141
150093298
150093583
150093953
150093981
150094177
150094230
150094456
150094531
150094553
150094569
150094600
150094650
150095551
150095761
150096327
150096634
150096769
150096894
150096979
150096985
150097319
150098185
150098210
150098367
150098771
150098969
150098997
150099133
150099177
150099202
150099274
150099359
150099531
150099581
150100774
150101512
150102128
150102366
150102667
150102673
150102883
150103994
150104964
150105122
150105188
150105332
150105354
150106108
150106186
150106437
150106926
150107742
150108110
150109033
150109237
150109550
150109691
150111016
150112503
150113216
150113307
150113658
150113937
150114509
150114979
150115212
150115422
150115927
150116715
150116903
150117252
150117280
150117735
150117826
150117923
150118250
150118294
150118539
150118664
150118705
150119264
150119311
150119333
150119747
150120700
150120722
150120772
150121281
150121338
150122455
150122477
150122637
150123152
150123942
150124031
150124138
150125421
150126792
150127483
150127712
150128469
150128798
150109481
150130583
150130674
150130812
150131854
150132426
150133333
150133656
150133662
150134319
150135492
150136218
150136428
150136729
150139121
150139400
150139585
150139739
150140510
150141085
150141223
150141502
150141665
150143495
150144318
150144512
150144788
150144857
150147425
150148047
150148310
150148655
150148906
150151454
150152026
150152098
150152189
150154828
150155387
150155989
150156686
150156959
150157123
150157333
150157402
150157913
150158278
150158494
150158739
150158836
150159583
150161635
150162423
150162984
150163114
150163619
150163998
150111072
150164435
150164441
150164667
150164786
150165148
150166964
150167285
150167564
150167934
150167940
150167962
150168158
150168170
150168578
150169247
150169899
150169924
150169980
150170272
150170498
150170711
150170937
150171311
150171333
150171377
150171703
150172109
150172381
150111919
150174321
150175448
150175501
150175993
150177046
150177115
150178555
150179070
150180732
150181473
150181520
150181934
150182023
150182039
150182227
150182506
150183184
150183300
150183554
150184079
150184875
150184994
150185180
150185196
150185237
150185572
150185801
150185873
150186075
150188087
150188770
150190026
150190173
150190474
150190963
150191159
150191228
150191660
150191864
150191905
150191927
150192044
150112810
150193105
150193387
150194294
150194755
150194965
150194993
150196422
150196466
150196557
150197107
150197113
150197624
150197903
150198321
150198503
150199006
150199238
150199818
150200368
150200512
150200926
150201190
150201219
150201344
150201407
150201708
150201736
150202079
150202825
150203895
150204150
150204398
150204417
150204467
150204718
150205114
150205192
150205211
150205619
150205681
150206899
150206918
150207154
150207740
150208845
150209257
150209376
150209542
150209558
150209956
150210420
150210743
150211876
150212545
150213775
150213979
150214121
150114985
150215157
150215163
150216092
150216252
150216296
150216729
150216848
150216973
150217169
150217313
150217755
150218684
150219331
150219745
150220021
150220128
150220253
150220388
150220504
150220855
150221091
150221433
150221825
150222033
150223229
150223235
150223304
150223837
150224352
150225106
150225413
150225601
150226364
150226483
150226524
150226637
150226916
150227362
150227497
150227641
150228047
150228445
150228451
150228984
150229186
150229211
150229352
150229998
150230149
150230309
150230359
150230393
150230478
150230484
150230666
150230848
150230901
150231313
150232383
150232521
150232559
150232628
150232731
150232747
150232838
150232850
150232935
150233347
150233369
150233676
150233717
150234549
150234931
150235365
150235456
150235832
150235945
150236181
150236391
150236551
150237333
150237559
150237941
150118090
150118103
150239191
150239298
150240035
150240041
150240267
150240455
150241629
150242019
150242495
150242859
150242984
150243039
150243089
150243164
150243841
150244435
150244758
150244770
150244849
150245148
150245154
150245223
150245427
150245455
150245499
150245831
150246782
150246851
150247263
150247536
150247746
150247934
150248261
150248421
150248578
150248750
150248829
150248976
150249582
150249877
150249946
150251082
150251173
150251286
150251690
150251781
150251894
150252319
150252494
150252682
150252961
150253022
150253414
150254917
150255379
150255595
150256048
150256076
150256468
150256515
150256543
150256565
150257369
150257632
150258232
150258652
150259945
150260469
150260679
150260748
150260839
150261451
150261520
150261536
150261677
150262023
150262067
150262114
150262142
150262283
150262540
150262675
150262904
150262998
150263300
150263491
150263639
150263714
150263899
150264160
150265180
150265572
150265704
150265817
150265823
150266508
150266752
150266780
150266978
150267233
150268930
150269245
150269314
150270311
150270612
150271121
150271563
150272260
150272505
150272511
150272533
150272624
150272715
150272834
150274078
150274636
150274880
150275634
150275781
150275894
150276488
150277022
150277141
150277765
150278713
150278779
150278848
150279517
150279733
150279852
150280445
150280467
150280627
150280730
150281023
150281073
150281089
150281142
150281249
150281380
150281396
150281437
150281443
150281675
150281772
150282269
150282526
150282667
150282952
150283502
150285097
150285683
150286471
150286540
150286772
150287491
150287758
150288988
150289077
150289293
150290450
150290529
150290557
150290808
150291050
150291367
150291555
150539355
150292337
150292456
150292763
150292923
150614189
150294167
150294537
150294565
150294894
150294979
150295961
150296323
150298125
150298410
150298874
150299270
150299377
150299399
150536458
150299593
150299838
150299850
150299872
150300247
150300344
150300902
150300952
150301386
150302356
150302419
150302481
150302663
150302748
150302867
150302920
150302970
150303360
150303677
150304023
150304722
150305582
150305770
150305811
150305952
150306079
150306132
150307146
150307334
150308558
150308564
150308655
150308809
150308865
150309089
150310042
150311056
150311391
150311658
150311846
150312032
150312537
150313381
150313789
150314602
150314668
150314680
150314787
150314890
150314903
150314919
150315177
150315183
150315199
150316755
150317082
150317559
150318137
150318290
150318438
150318745
150319646
150319787
150320825
150321130
150321419
150323089
150323114
150323324
150323487
150323631
150323738
150323744
150324087
150324156
150324225
150324231
150324316
150324601
150325245
150325273
150325449
150326130
150326152
150326873
150327423
150327439
150327514
150327586
150327699
150328095
150328170
150328697
150328857
150329883
150330498
150330642
150330686
150330799
150330830
150330868
150330959
150332977
150333044
150333260
150333276
150333301
150333878
150334161
150335272
150335567
150335589
150335755
150335937
150336593
150336612
150336888
150337369
150337381
150337557
150337654
150337911
150338016
150338549
150339371
150339440
150339503
150339757
150340011
150340049
150340293
150340403
150340776
150341025
150341451
150342001
150342089
150342249
150342255
150342493
150342750
150342891
150343021
150343043
150343178
150343225
150343316
150343623
150343805
150344314
150344825
150344853
150345403
150345970
150346138
150346376
150346564
150346677
150347108
150347158
150347904
150348106
150348413
150348861
150349035
150349085
150349160
150598765
150349922
150349994
150671690
150671781
150672121
150672137
150672331
150350559
150145316
150350593
150600081
150351096
150351438
150600194
150600207
150600279
150675062
150352470
150352505
150600718
150675971
150353177
150676383
150353202
150353230
150353280
150353848
150354266
150678925
150074925
150075202
150075218
150075246
150075252
150075274
150355236
150075406
150076460
150356052
150077612
150077634
150077769
150077797
150356648
150031050
150043481
150072684
150079141
150357113
150357389
150357395
150357812
150358105
150358183
150358202
150358315
150358644
150359363
150359523
150359733
150360025
150360069
150360605
150360768
150361318
150361324
150361584
150361948
150362093
150362394
150362673
150363110
150363245
150363427
150363518
150363740
150363847
150363875
150364077
150364174
150364469
150364522
150364566
150364594
150364685
150365047
150365332
150365887
150365940
150366255
150366534
150367071
150367225
150367394
150367695
150367770
150367792
150367833
150367902
150368126
150368405
150369340
150369522
150369550
150370046
150370262
150370701
150370870
150371107
150371185
150371812
150371953
150372945
150373175
150373266
150373909
150373921
150374048
150374634
150375400
150376016
150377111
150377133
150377268
150377296
150377321
150377434
150377901
150378056
150378567
150379195
150379305
150379800
150379991
150380631
150380716
150380976
150382938
150383027
150383328
150383500
150383635
150383663
150383710
150384279
150385211
150385380
150386275
150386770
150387831
150388378
150388550
150388613
150388635
150388914
150389194
150389257
150389815
150389837
150390185
150390668
150391406
150391826
150392294
150392567
150393349
150394397
150394400
150395248
150395630
150395793
150396070
150396531
150397090
150397379
150398640
150399347
150399626
150399682
150399961
150400499
150400546
150400790
150401083
150401237
150401340
150401629
150401895
150402166
150402699
150402865
150403443
150403807
150403879
150403998
150404350
150404720
150404974
150405386
150406265
150406475
150406845
150407990
150408603
150408631
150408976
150408982
150087536
150409576
150410460
150410909
150411208
150411474
150411894
150412648
150412654
150412905
150413373
150413646
150413919
150414428
150414688
150414901
150415056
150415084
150415119
150415197
150415238
150415432
150415915
150416054
150416731
150416753
150416822
150417632
150417977
150418204
150418282
150418301
150418323
150418420
150418492
150418583
150419371
150419616
150419644
150420265
150420516
150420873
150421194
150421229
150421332
150421649
150422045
150422813
150423883
150424176
150424916
150425099
150425817
150426241
150427443
150427722
150427750
150428413
150429223
150429819
150430430
150430537
150430725
150430872
150430907
150430985
150431002
150432652
150433387
150433804
150434197
150434200
150434357
150434448
150434460
150434498
150434573
150434620
150434852
150434915
150435418
150435474
150436400
150437577
150437630
150437721
150437862
150438230
150438898
150439987
150440019
150440398
150441277
150443289
150443712
150443819
150444061
150444083
150444215
150444237
150444403
150444594
150444986
150445003
150445150
150446716
150447162
150448126
150448160
150448273
150448320
150448461
150448712
150448869
150448966
150449077
150449209
150449221
150451129
150451408
150451743
150451759
150452478
150452757
150452779
150452832
150453749
150453846
150454139
150454515
150454719
150454781
150454800
150454894
150455870
150456094
150456947
150457672
150457741
150458125
150459656
150090608
150460073
150460716
150460998
150462336
150462477
150462706
150462819
15046293
150463293
150463469
150463500
150463550
150463679
150463748
150463776
150463936
150464235
150464605
150465170
150465330
150465396
150465669
150466106
150467029
150467079
150468293
150468685
150469207
150469291
150469912
150470323
150472915
150472943
150473098
150473236
150473264
150473565
150474911
150475135
150475408
150475709
150476553
150476650
150476757
150477062
150478399
150478515
150478797
150478850
150479557
150479660
150480043
150480059
150480231
150480344
150480805
150481273
150481994
150482124
150482500
150482691
150482817
150482895
150483207
150483235
150093436
150483940
150484437
150484534
150484653
150485526
150485673
150485883
150485899
150486665
150486762
150487641
150488774
150489023
150489136
150489283
150489584
150489744
150489772
150489829
150490133
150490644
150094393
150491802
150492004
150492509
150492521
150492703
150493228
150493557
150493892
150495058
150495490
150495547
150495622
150495763
150495779
150495917
150496363
150496476
150497678
150497753
150498165
150498284
150498397
150498723
150498789
150498892
150499248
150500061
150500594
150501730
150502261
150502318
150503112
150503720
150505049
150505306
150505340
150505403
150505475
150505726
150505732
150506194
150506423
150506702
150506893
150507017
150507186
150508708
150508764
150509637
150509972
150510515
150511109
150511331
150511682
150511751
150511842
150512204
150512260
150512931
150512975
150512997
150513531
150513575
150513967
150096446
150514103
150246221
150515214
150515220
150515399
150515985
150516632
150517038
150517066
150517276
150517583
150518434
150518600
150518672
150519545
150519608
150519965
150520019
150520699
150520746
150520809
150097262
150521772
150522021
150522651
150522855
150523029
150523358
150523988
150524447
150525837
150526158
150526249
150526330
150527015
150527134
150527338
150527372
150527645
150527695
150528596
150529005
150529447
150529679
150530585
150530717
150530836
150531351
150532092
150532707
150532917
150533915
150534004
150534151
150534452
150534480
150534628
150534935
150535858
150536088
150536163
150536185
150098414
150536276
150536282
150536367
150536389
150536436
150536737
150537600
150537848
150537951
150538090
150538868
150098668
150539026
150539032
150539496
150539866
150539872
150539941
150540352
150540443
150540722
150541435
150541441
150541758
150541792
150541899
150542085
150542336
150542966
150543259
150543641
150543754
150544116
150544207
150544229
150544332
150544360
150544536
150545261
150545562
150545625
150547013
150547392
150547461
150547671
150547784
150547869
150548209
150548384
150548431
150548851
150548867
150549348
150550179
150550210
150550420
150550737
150551058
150551105
150551127
150551133
150551296
150553060
150553424
150553509
150553894
150553907
150554171
150554585
150554977
150555066
150555113
150555163
150555185
150555210
150556440
150556945
150557119
150557404
150557727
150557959
150558264
150558355
150558418
150558747
150560946
150561035
150561041
150561057
150561358
150561405
150561411
150561461
150561568
150561609
150561831
150562146
150563780
150564114
150564277
150564590
150564829
150564948
150565071
150565219
150566502
150567237
150568019
150568081
150568780
150569277
150569647
150569675
150570321
150570406
150570901
150571761
150571943
150572496
150573024
150573074
150573397
150573632
150574555
150574674
150574721
150574975
150575230
150575268
150576818
150152151
150577769
150152333
150152355
150578165
150578240
150578256
150579696
150580552
150581011
150581049
150581196
150581403
150582194
150582423
150582558
150583108
150583158
150583374
150583465
150583562
150583653
150584714
150586168
150586566
150587699
150587746
150587962
150589275
150589792
150589833
150590404
150590410
150591430
150591468
150591838
150592331
150592400
150592438
150592701
150592911
150593373
150594575
150595181
150595921
150596349
150596361
150596383
150596979
150597121
150597165
150597400
150597535
150597591
150597701
150599638
150599644
150602275
150602297
150602811
150605586
150605605
150154925
150605815
150605887
150607128
150607491
150607946
150608392
150608609
150608671
150609500
150609635
150609726
150609873
150610109
150610375
150611185
150611834
150611878
150612600
150613567
150614286
150614430
150614963
150616163
150616680
150617478
150618216
150619258
150619850
150620437
150620493
150621021
150621598
150622320
150622762
150623312
150623334
150623403
150623641
150623873
150624138
150624172
150624194
150624235
150625205
150625233
150626297
150626300
150626407
150626491
150626582
150626974
150627013
150628152
150628174
150628588
150629354
150629445
150629495
150631337
150632222
150632608
150632896
150632909
150632965
150633612
150634579
150635163
150635185
150635254
150635282
150635549
150636490
150636519
150637761
150638010
150638082
150638559
150638612
150639046
150639187
150640043
150640786
150640974
150641320
150641972
150642196
150642306
150642732
150643304
150643360
150643423
150643940
150645281
150645720
150645877
150645899
150646104
150647243
150647419
150648467
150648605
150648649
150648752
150648887
150649023
150649067
150649142
150649318
150650406
150650525
150650995
150651078
150651084
150651670
150651987
150652054
150652628
150653262
150653836
150654204
150654408
150654442
150654577
150654696
150654878
150654953
150655412
150655531
150655688
150655939
150656551
150656915
150158121
150158137
150657189
150657292
150657480
150658206
150658400
150658422
150658927
150662075
150662677
150663164
150664156
150664952
150665085
150665320
150665916
150667376
150158228
150667699
150667752
150668045
150668142
150668409
150668584
150668807
150669106
150669231
150669388
150669582
150669805
150669861
150670131
150670545
150670727
150670783
150671189
150158319
150158325
150671402
150671662
150672046
150672397
150673022
150673765
150673828
150674848
150676082
150158579
150676270
150676355
150677977
150678135
150678975
150679202
150679246
150680754
150680908
150159157
150682415
150682528
150682675
150684217
150684433
150684455
150685293
150685419
150685481
150685572
150685845
150685873
150686279
150687653
150688479
150688510
150689085
150689370
150689427
150689524
150160320
150690167
150690377
150690850
150691115
150691325
150692038
150692129
150692834
150693111
150693729
150694664
150694727
150694943
150694959
150695060
150695264
150695850
150696002
150696529
150696648
150161237
150697549
150697583
150697919
150698230
150698252
150699551
150699818
150699965
150700590
150701093
150701134
150701344
150701441
150702245
150702370
150703099
150703522
150703964
150704360
150704508
150704859
150704871
150704906
150704956
150704990
150705095
150705108
150705324
150162138
150706338
150706720
150706786
150707449
150708099
150708215
150708221
150708265
150708390
150708704
150709279
150709332
150709360
150709956
150710022
150710204
150711111
150711218
150711296
150711309
150712749
150712761
150712921
150713537
150713571
150713797
150713941
150714030
150714814
150714955
150715602
150715630
150715834
150715931
150716218
150716371
150716503
150717216
150717222
150717432
150718753
150718935
150719074
150719375
150720918
150721085
150722362
150722566
150722613
150724051
150724120
150724302
150726483
150726552
150726615
150727306
150727340
150727538
150727550
150727914
150730741
150731175
150731915
150732399
150732430
150732474
150733143
150733206
150733228
150733290
150733325
150733933
150734680
150734721
150734765
150734856
150735058
150735393
150735490
150735638
150735644
150165580
150736197
150737402
150737480
150737521
150737725
150738585
150739066
150739072
150858547
150739157
150739301
150740847
150741168
150741306
150741685
150742285
150742326
150742702
150742718
150742912
150742934
150743904
150744021
150745427
150745433
150745502
150746168
150746196
150746481
150746544
150747962
150748164
150748233
150750250
150751214
150751606
150752717
150752767
150752795
150752808
150752858
150752892
150752999
150753157
150753737
150753947
150754020
150754036
150754268
150754713
150755551
150755608
150755852
150755880
150755915
150756292
150757046
150758072
150758282
150758834
150759183
150759296
150759309
150759387
150759428
150759462
150759553
150759575
150759791
150760419
150761194
150761213
150761291
150761956
150762136
150762982
150763554
150764706
150765271
150765641
150766809
150767716
150768178
150768372
150768645
150769386
150770515
150770979
150771773
150772088
150772414
150772533
150772947
150773688
150773785
150773967
150774153
150169059
150775258
150775355
150775418
150776648
150776892
150777072
150777624
150777931
150777947
150778105
150778478
150778575
150778650
150778763
150779595
150169946
150779824
150780439
150781001
150781578
150781716
150781835
150783364
150783734
150784221
150784312
150785285
150786506
150786631
150788370
150788734
150788790
150789209
150789782
150789908
150790109
150792810
150793034
150793169
150793539
150794634
150795444
150795563
150796204
150796436
150796602
150797230
150797616
150798608
150798692
150798830
150798993
150799725
150171145
150799844
150799957
150799979
150171236
150171242
150800338
150800491
150800764
150801239
150801336
150802049
150802174
150802287
150802447
150803489
150803699
150803768
150804001
150804835
150804891
150805441
150805548
150805792
150806110
150806198
150171424
150806336
150807077
150807748
150808310
150808326
150808348
150808360
150808473
150808592
150808661
150808837
150808887
150808990
150809001
150809164
150809227
150810230
150810622
150811006
150811357
150811749
150811852
150811909
150812010
150171963
150812587
150813137
150813159
150813563
150813717
150814163
150814260
150814696
150815161
150815246
150815321
150815337
150815343
150815406
150815412
150815791
150172911
150817769
150818030
150818165
150818325
150818557
150818999
150819141
150819191
150819351
150819492
150820041
150820358
150820552
150820875
150821312
150821403
150821431
150821607
150821635
150821685
150821726
150821732
150822150
150822627
150822837
150823023
150823211
150823283
150823910
150824112
150824281
150824300
150824441
150824532
150824554
150824598
150824601
150824714
150824764
150825057
150825671
150825706
150826970
150827489
150827683
150828415
150828829
150828857
150829300
150829485
150829805
150831731
150831775
150832234
150832331
150833743
150833903
150833947
150834161
150834177
150834581
150835222
150835573
150835755
150836537
150836587
150836991
150837325
150837369
150838834
150839199
150839917
150840168
150840500
150840663
150841304
150841467
150841865
150841887
150842170
150842302
150842540
150842669
150842722
150842807
150842891
150843190
150843526
150843617
150843645
150843764
150843924
150844110
150844596
150844825
150845801
150846310
150846401
150847001
150847261
150847750
150847904
150848639
150848673
150848952
150848968
150849659
150849762
150849994
150850098
150850593
150851002
150851074
150851472
150851632
150851701
150851814
150852191
150852260
150852298
150853224
150853713
150854272
150854329
150854539
150854761
150854937
150855195
150855242
150855286
150855690
150855781
150856206
150857191
150858111
150859090
150859169
150859288
150859329
150175799
150860661
150860809
150861089
150861512
150861619
150861697
150861722
150861766
150861948
150861982
150863201
150863499
150864970
150865025
150865172
150865241
150865326
150865467
150865508
150865815
150865871
150866114
150866534
150866772
150867203
150867225
150867736
150867899
150868013
150868035
150868308
150868518
150869481
150869710
150870466
150870488
150871367
150872036
150872224
150872252
150872832
150873040
150873222
150873426
150873573
150873636
150873852
150873965
150874173
150874361
150874593
150874719
150875206
150875529
150875585
150875814
150875911
150876486
150876715
150876771
150876840
150876878
150876884
150876969
150877600
150877785
150878523
150879355
150879747
150879850
150880067
150880170
150881134
150176913
150881877
150882201
150882392
150882916
150883312
150883425
150883782
150884376
150884984
150884990
150885045
150885396
150886532
150886736
150886899
150887289
150887643
150888481
150888839
150889138
150889586
150890276
150890492
150890806
150890828
150890856
150890931
150891456
150891779
150891804
150892084
150892181
150892200
150892357
150893076
150894977
150895022
150895113
150895179
150895210
150895248
150895254
150895282
150895298
150895492
150895884
150895981
150896092
150896274
150897711
150898060
150898305
150898355
150899347
150899494
150899579
150179092
150899626
150899648
150901083
150901196
150901221
150901340
150901481
150901607
150902263
150903716
150903926
150904112
150904156
150904231
150904269
150905756
150905944
150906657
150906851
150907376
150907611
150907796
150907837
150908136
150908625
150908631
150909435
150909742
150910147
150910341
150910410
150910482
150910852
150911098
150911189
150912115
150912240
150912676
150912701
150913038
150913997
150123390
150914616
150915608
150915614
150915909
150915959
150916139
150916775
150916797
150917444
150917739
150918414
150918420
150918602
150919042
150919525
150919860
150919973
150921100
150921144
150921213
150921649
150921815
150921859
150921865
150922647
150922700
150924154
150924198
150924364
150924411
150924609
150924706
150925118
150925215
150925221
150925312
150925538
150925629
150925726
150926990
150927807
150927904
150928087
150928372
150928883
150928946
150929057
150929217
150929483
150930468
150930913
150931717
150931911
150932129
150932191
150932458
150932925
150933650
150934103
150934385
150934523
150934539
150934573
150934658
150126435
150935383
150935496
150936256
150936488
150937000
150937044
150937533
150937646
150937715
150937828
150937834
150937919
150937925
150938218
150938280
150938622
150938713
150938729
150938791
150939329
150939705
150939802
150939846
150940263
150940279
150940508
150940564
150940990
150941067
150941114
150941186
150941249
150941283
150941415
150941487
150941926
150942463
150942918
150943007
150943370
150943386
150943524
150943825
150944475
150944873
150944958
150945172
150945235
150945263
150945310
150127637
150945815
150945934
150946045
150946926
150947203
150947297
150947350
150947407
150947457
150947479
150947491
150948289
150948790
150949362
150949641
150949839
150949845
150950228
150950284
150950331
150950541
150950610
150950767
150951016
150951044
150952183
150952440
150952569
150952597
150952804
150953153
150953197
150953357
150953498
150953523
150953937
150954173
150954311
150954684
150954822
150955228
150955353
150955400
150955632
150955808
150955949
150956179
150956834
150957133
150957876
150958131
150958448
150959258
150959264
150959690
150960186
150961554
150962182
150962295
150962580
150964445
150964683
150965001
150965211
150965261
150965374
150965744
150966297
150966833
150966918
150967392
150967411
150967546
150967950
150968237
150968340
150130408
150968657
150969815
150970204
150970834
150971092
150971553
150971622
150972028
150973399
150973690
150973769
150973838
150973979
150974030
150974911
150975395
150975668
150975771
150975828
150976042
150976309
150978537
150978571
150979228
150979347
150979444
150979450
150980247
150980548
150980582
150980924
150981803
150982431
150982550
150983150
150984142
150984158
150984465
150984697
150984700
150984794
150984904
150985015
150986091
150986778
150987403
150987425
150987685
150988097
150989948
150989998
150990393
150990597
150990785
150990854
150991197
150991357
150991482
150991783
150991874
150991915
150992054
150992634
150993284
150993325
150993353
150993745
150994254
150994599
150994618
150995519
150995575
150995779
150995876
150995901
150996131
150996294
150996589
150998911
150999862
151000494
151002280
151002804
151002951
151003169
151004220
151004816
151004913
151005240
151005331
151005864
151006135
151006179
151006345
151006549
151006561
151007268
151007923
151008238
151008307
151008711
151008727
151008965
151009048
151009167
151009418
151009446
151009509
151009593
151009913
151010001
151010249
151010261
151010318
151010744
151010863
151010891
151010932
151012267
151012825
151012875
151012944
151013306
151013431
151013964
151013986
151014677
151014774
151015415
151015578
151015954
151016106
151016720
151017110
151017217
151017295
151017659
151018049
151018760
151019401
151019649
151019887
151020373
151020470
151020652
151020969
151021064
151022222
151022539
151023474
151023521
151023935
151024165
151025511
151025630
151026860
151027216
151027222
151027238
151027539
151028907
151028935
151029375
151029557
151029610
151031637
151032130
151033053
151033304
151033376
151033746
151033752
151033809
151033859
151034283
151034647
151034681
151035316
151035479
151035560
151036176
151036223
151036405
151036875
151039459
151039835
151040230
151042173
151042684
151043018
151043422
151043466
151043541
151044549
151044743
151044828
151045014
151045036
151045569
151046454
151046783
151046846
151047098
151048121
151048751
151048905
151049248
151051942
151052724
151052912
151053142
151053421
151053653
151053675
151054639
151054924
151055013
151055029
151055104
151055198
151055483
151056964
151057097
151057815
151058772
151060125
151060410
151060539
151060573
151060692
151060711
151060802
151060915
151060937
151060965
151061402
151062024
151062416
151062422
151062648
151062983
151063185
151063260
151063414
151064149
151065169
151065238
151066311
151066593
151067240
151067278
151067353
151067955
151068232
151068458
151068759
151069268
151069343
151069713
151069848
151070099
151070271
151070390
151071326
151071423
151071439
151071887
151072192
151072722
151072960
151073009
151073087
151073714
151073980
151074687
151074966
151074972
151074988
151075403
151075497
151075550
151075613
151076069
151076304
151076326
151076627
151076984
151077675
151077716
151077891
151077998
151078156
151078827
151078918
151080424
151080571
151080731
151080775
151080838
151080866
151080894
151080985
151081212
151081745
151081820
151081905
151082373
151083020
151083202
151083616
151083832
151083989
151084078
151084551
151084846
151084971
151085082
151085957
151085985
151086933
151086961
151087191
151087210
151087737
151088650
151089733
151089799
151090031
151090229
151090508
151090871
151091039
151091540
151092071
151092247
151093198
151093201
151093217
151093518
151093916
151095069
151095940
151096471
150136547
151096879
151097184
151097366
151097441
151098035
151098110
151098267
151098427
151099118
151100066
151100486
151100577
151102357
151102454
151102727
151102802
151102971
151103145
151103311
151103606
151103797
151103872
151104535
151104610
151104676
151104698
151105050
151105129
151105470
151105577
151105759
151105890
151106058
151106105
151106274
151106309
151106365
151106707
151106713
151106898
151107636
150136650
151107818
151108214
151108690
151109109
151109143
151109187
151109278
151109450
151109660
151109864
151110407
151110457
151110576
151110930
151111392
151111803
151112334
151112641
151113241
151113291
151113360
151113508
151113514
151113605
151113837
151114863
151115015
151115071
151115861
151116041
151116295
151116370
151116411
151116568
151116938
151117691
151117776
151117970
151118150
151118332
151118451
151118649
151118984
151119631
151119807
151120183
151120309
151120321
151120503
151120575
151120688
151120860
151121147
151121573
151121783
151121802
151123660
151123808
151123977
151124066
151124583
151125183
151125296
151125365
151126147
151126711
151126824
151127145
151127292
150136967
150137670
150139331
150142594
150143025
150145792
150146734
150148257
150148332
150148586
159001595
159001852
159002292
159002509
159003347
159003438
159004618
159005854
159006266
160000681
150149835
150150666
160009558
160010793
160011531
160012432
160012943
160035202
160042382
150105661
160117656
150148815
150358882
150770377
150773644
150212200
150195101
150204928
150208168
150223677
150232606
150020821
150263861
150304330
150328192
150396622
150403487
150403578
150425168
150428297
150446158
150510612
150470674
150245875
150451812
150247116
150496272
150279216
150513503
150458266
150458294
150349671
150634325
150431563
150682998
150454258
150690076
150457161
150457246
150457252
150705750
150753129
150762506
150504530
150787899
150516466
150870018
150526807
150532503
150534991
150561740
150843015
150844455
150845895
150566148
150571880
150571937
150927534
150600514
150956470
150894529
150902097
150910874
150911838
150985106
150652731
150949776
151025925
150542035
150542251
150602128
150602350
151026688
151037293
150623704
150624025
151052871
150693791
150708823
150746118
150800281
150821083
150900580
151105442
151116659
151124953
151127032
169000117
150416242
150467615
150564681
150670119
150688946
150753022
150846003
150868223
150905609
150931541
151078300
151115413
150806530
150941681
151068903
150008344
150191068
150195220
150083954
150086566
150202922
150225667
150229584
150203613
150330664
150345328
150225532
150402843
150413696
150302431
150311711
150465045
150361891
150488398
150505635
150510286
150511955
150405580
150421473
150431284
150562522
150448803
150450115
150454305
150458799
150477761
150105752
150540051
150684831
150752541
150644653
150763407
150772072
150786932
150693810
150812048
150812054
150710470
150879076
150771369
150891199
150891224
150793216
150793658
150918969
150811181
150928811
150816329
150829156
150972153
150858898
150872581
150990070
150990105
150892307
151029228
151037635
151040478
150927625
150934266
150938020
150943455
151057843
150983627
150987754
150226063
151004991
151078178
151108565
159004414
150043384
150049291
150074408
150122411
150162207
150021421
150219165
150219171
150219187
150065833
150240110
150248744
150265550
150278393
150295751
150296210
150298705
150298727
150146972
150312139
150159806
150197680
150223213
150234276
150310359
150339149
150466968
150586378
150782388
150695537
150951793
150805758
150825825
150973866
150878937
150921752
